[11:26:42] [main/INFO] (FabricLoader/GameProvider) Loading Minecraft 1.21 with Fabric Loader 0.16.0
[11:26:43] [main/INFO] (FabricLoader) Loading 43 mods:
	- fabric-api 0.100.6+1.21
	- fabric-api-base 0.4.42+6573ed8cd1
	- fabric-api-lookup-api-v1 1.6.67+b5597344d1
	- fabric-biome-api-v1 13.0.28+6fc22b99d1
	- fabric-block-api-v1 1.0.22+0af3f5a7d1
	- fabric-block-view-api-v2 1.0.10+6573ed8cd1
	- fabric-command-api-v1 1.2.49+f71b366fd1
	- fabric-command-api-v2 2.2.28+6ced4dd9d1
	- fabric-commands-v0 0.2.66+df3654b3d1
	- fabric-content-registries-v0 8.0.14+b5597344d1
	- fabric-convention-tags-v1 2.0.17+7f945d5bd1
	- fabric-convention-tags-v2 2.4.1+86024ea6d1
	- fabric-crash-report-info-v1 0.2.29+0af3f5a7d1
	- fabric-data-attachment-api-v1 1.1.24+6a6dfa19d1
	- fabric-data-generation-api-v1 20.2.11+16c4ae25d1
	- fabric-dimensions-v1 4.0.0+6fc22b99d1
	- fabric-entity-events-v1 1.6.12+6fc22b99d1
	- fabric-events-interaction-v0 0.7.10+e633f883d1
	- fabric-game-rule-api-v1 1.0.53+6ced4dd9d1
	- fabric-gametest-api-v1 2.0.2+6fc22b99d1
	- fabric-item-api-v1 11.0.0+afdfc921d1
	- fabric-item-group-api-v1 4.1.2+78017270d1
	- fabric-lifecycle-events-v1 2.3.11+8f3583aed1
	- fabric-loot-api-v2 3.0.12+3f89f5a5d1
	- fabric-loot-api-v3 1.0.0+3f89f5a5d1
	- fabric-message-api-v1 6.0.13+6573ed8cd1
	- fabric-networking-api-v1 4.2.0+ab7edbacd1
	- fabric-object-builder-api-v1 15.1.12+d1321076d1
	- fabric-particles-v1 4.0.2+6573ed8cd1
	- fabric-recipe-api-v1 5.0.10+65089712d1
	- fabric-registry-sync-v0 5.0.24+6ced4dd9d1
	- fabric-rendering-data-attachment-v1 0.3.48+73761d2ed1
	- fabric-rendering-fluids-v1 3.1.6+b5597344d1
	- fabric-resource-conditions-api-v1 4.2.1+d153f344d1
	- fabric-resource-loader-v0 1.1.5+78017270d1
	- fabric-screen-handler-api-v1 1.3.81+b5597344d1
	- fabric-transfer-api-v1 5.1.15+3dccd343d1
	- fabric-transitive-access-wideners-v1 6.0.12+6573ed8cd1
	- fabricloader 0.16.0
	- java 21
	- minecraft 1.21
	- mixinextras 0.4.0
	- noname 1.0.1
[11:26:43] [main/INFO] (FabricLoader/Mixin) SpongePowered MIXIN Subsystem Version=0.8.7 Source=file:/home/zaksen/.gradle/caches/modules-2/files-2.1/net.fabricmc/sponge-mixin/0.15.0+mixin.0.8.7/2ce1c5d57a061f3e259ec30b8b0cb2dc889c5156/sponge-mixin-0.15.0+mixin.0.8.7.jar Service=Knot/Fabric Env=SERVER
[11:26:43] [main/INFO] (FabricLoader/Mixin) Loaded Fabric development mappings for mixin remapper!
[11:26:43] [main/INFO] (FabricLoader/Mixin) Compatibility level set to JAVA_17
[11:26:43] [main/INFO] (FabricLoader/Mixin) Compatibility level set to JAVA_21
[11:26:44] [main/INFO] (FabricLoader/MixinExtras|Service) Initializing MixinExtras via com.llamalad7.mixinextras.service.MixinExtrasServiceImpl(version=0.4.0).
[11:26:54] [main/INFO] (Minecraft) Environment: Environment[sessionHost=https://sessionserver.mojang.com, servicesHost=https://api.minecraftservices.com, name=PROD]
[11:26:55] [main/INFO] (Minecraft) No existing world data, creating new world
[11:26:56] [main/INFO] (Minecraft) Loaded 1290 recipes
[11:26:57] [main/INFO] (Minecraft) Loaded 1399 advancements
[11:26:58] [main/INFO] (BiomeModificationImpl) Applied 0 biome modifications to 0 of 64 new biomes in 2.237 ms
[11:26:58] [Server thread/INFO] (Minecraft) Starting minecraft server version 1.21
[11:26:58] [Server thread/INFO] (Minecraft) Loading properties
[11:26:58] [Server thread/INFO] (Minecraft) Default game type: SURVIVAL
[11:26:58] [Server thread/INFO] (Minecraft) Generating keypair
[11:26:58] [Server thread/INFO] (Minecraft) Starting Minecraft server on *:25565
[11:26:58] [Server thread/INFO] (Minecraft) Using epoll channel type
[11:26:58] [Server thread/INFO] (Minecraft) Preparing level "world"
[11:27:04] [Server thread/INFO] (Minecraft) Preparing start region for dimension minecraft:overworld
[11:27:04] [Worker-Main-2/INFO] (Minecraft) Preparing spawn area: 2%
[11:27:05] [Worker-Main-3/INFO] (Minecraft) Preparing spawn area: 2%
[11:27:05] [Worker-Main-3/INFO] (Minecraft) Preparing spawn area: 2%
[11:27:06] [Worker-Main-3/INFO] (Minecraft) Preparing spawn area: 2%
[11:27:07] [Worker-Main-2/INFO] (Minecraft) Preparing spawn area: 4%
[11:27:07] [Worker-Main-2/INFO] (Minecraft) Preparing spawn area: 4%
[11:27:07] [Worker-Main-3/INFO] (Minecraft) Preparing spawn area: 18%
[11:27:08] [Worker-Main-3/INFO] (Minecraft) Preparing spawn area: 18%
[11:27:08] [Worker-Main-1/INFO] (Minecraft) Preparing spawn area: 18%
[11:27:09] [Worker-Main-1/INFO] (Minecraft) Preparing spawn area: 51%
[11:27:09] [Worker-Main-1/INFO] (Minecraft) Preparing spawn area: 51%
[11:27:10] [Worker-Main-1/INFO] (Minecraft) Preparing spawn area: 51%
[11:27:10] [Worker-Main-2/INFO] (Minecraft) Preparing spawn area: 51%
[11:27:11] [Server thread/INFO] (Minecraft) Time elapsed: 6239 ms
[11:27:11] [Server thread/INFO] (Minecraft) Done (12.310s)! For help, type "help"
